This file contains any messages produced by compilers while
running configure, to aid debugging if configure makes a mistake.

It was created by RcppCorels configure 0.0.1, which was
generated by GNU Autoconf 2.69.  Invocation command line was

  $ ./configure 

## --------- ##
## Platform. ##
## --------- ##

hostname = vassy-Blade
uname -m = x86_64
uname -r = 5.0.0-37-generic
uname -s = Linux
uname -v = #40~18.04.1-Ubuntu SMP Thu Nov 14 12:06:39 UTC 2019

/usr/bin/uname -p = unknown
/bin/uname -X     = unknown

/bin/arch              = unknown
/usr/bin/arch -k       = unknown
/usr/convex/getsysinfo = unknown
/usr/bin/hostinfo      = unknown
/bin/machine           = unknown
/usr/bin/oslevel       = unknown
/bin/universe          = unknown

PATH: /opt/tracker
PATH: /usr/local/MATLAB/R2019a/bin
PATH: /home/vassy/.local/bin
PATH: /home/vassy/bin
PATH: /usr/local/sbin
PATH: /usr/local/bin
PATH: /usr/sbin
PATH: /usr/bin
PATH: /sbin
PATH: /bin
PATH: /usr/games
PATH: /usr/local/games
PATH: /snap/bin


## ----------- ##
## Core tests. ##
## ----------- ##

configure:2197: checking for C++ compiler version
configure:2206: g++ --version >&5
g++ (Ubuntu 7.4.0-1ubuntu1~18.04.1) 7.4.0
Copyright (C) 2017 Free Software Foundation, Inc.
This is free software; see the source for copying conditions.  There is NO
warranty; not even for MERCHANTABILITY or FITNESS FOR A PARTICULAR PURPOSE.

configure:2217: $? = 0
configure:2206: g++ -v >&5
Using built-in specs.
COLLECT_GCC=g++
COLLECT_LTO_WRAPPER=/usr/lib/gcc/x86_64-linux-gnu/7/lto-wrapper
OFFLOAD_TARGET_NAMES=nvptx-none
OFFLOAD_TARGET_DEFAULT=1
Target: x86_64-linux-gnu
Configured with: ../src/configure -v --with-pkgversion='Ubuntu 7.4.0-1ubuntu1~18.04.1' --with-bugurl=file:///usr/share/doc/gcc-7/README.Bugs --enable-languages=c,ada,c++,go,brig,d,fortran,objc,obj-c++ --prefix=/usr --with-gcc-major-version-only --program-suffix=-7 --program-prefix=x86_64-linux-gnu- --enable-shared --enable-linker-build-id --libexecdir=/usr/lib --without-included-gettext --enable-threads=posix --libdir=/usr/lib --enable-nls --with-sysroot=/ --enable-clocale=gnu --enable-libstdcxx-debug --enable-libstdcxx-time=yes --with-default-libstdcxx-abi=new --enable-gnu-unique-object --disable-vtable-verify --enable-libmpx --enable-plugin --enable-default-pie --with-system-zlib --with-target-system-zlib --enable-objc-gc=auto --enable-multiarch --disable-werror --with-arch-32=i686 --with-abi=m64 --with-multilib-list=m32,m64,mx32 --enable-multilib --with-tune=generic --enable-offload-targets=nvptx-none --without-cuda-driver --enable-checking=release --build=x86_64-linux-gnu --host=x86_64-linux-gnu --target=x86_64-linux-gnu
Thread model: posix
gcc version 7.4.0 (Ubuntu 7.4.0-1ubuntu1~18.04.1) 
configure:2217: $? = 0
configure:2206: g++ -V >&5
g++: error: unrecognized command line option '-V'
g++: fatal error: no input files
compilation terminated.
configure:2217: $? = 1
configure:2206: g++ -qversion >&5
g++: error: unrecognized command line option '-qversion'; did you mean '--version'?
g++: fatal error: no input files
compilation terminated.
configure:2217: $? = 1
configure:2237: checking whether the C++ compiler works
configure:2259: g++ -g -O2 -fdebug-prefix-map=/build/r-base-AitvI6/r-base-3.4.4=. -fstack-protector-strong -Wformat -Werror=format-security -Wdate-time -D_FORTIFY_SOURCE=2 -g   conftest.cpp  >&5
configure:2263: $? = 0
configure:2311: result: yes
configure:2314: checking for C++ compiler default output file name
configure:2316: result: a.out
configure:2322: checking for suffix of executables
configure:2329: g++ -o conftest -g -O2 -fdebug-prefix-map=/build/r-base-AitvI6/r-base-3.4.4=. -fstack-protector-strong -Wformat -Werror=format-security -Wdate-time -D_FORTIFY_SOURCE=2 -g   conftest.cpp  >&5
configure:2333: $? = 0
configure:2355: result: 
configure:2377: checking whether we are cross compiling
configure:2385: g++ -o conftest -g -O2 -fdebug-prefix-map=/build/r-base-AitvI6/r-base-3.4.4=. -fstack-protector-strong -Wformat -Werror=format-security -Wdate-time -D_FORTIFY_SOURCE=2 -g   conftest.cpp  >&5
configure:2389: $? = 0
configure:2396: ./conftest
configure:2400: $? = 0
configure:2415: result: no
configure:2420: checking for suffix of object files
configure:2442: g++ -c -g -O2 -fdebug-prefix-map=/build/r-base-AitvI6/r-base-3.4.4=. -fstack-protector-strong -Wformat -Werror=format-security -Wdate-time -D_FORTIFY_SOURCE=2 -g  conftest.cpp >&5
configure:2446: $? = 0
configure:2467: result: o
configure:2471: checking whether we are using the GNU C++ compiler
configure:2490: g++ -c -g -O2 -fdebug-prefix-map=/build/r-base-AitvI6/r-base-3.4.4=. -fstack-protector-strong -Wformat -Werror=format-security -Wdate-time -D_FORTIFY_SOURCE=2 -g  conftest.cpp >&5
configure:2490: $? = 0
configure:2499: result: yes
configure:2508: checking whether g++ accepts -g
configure:2528: g++ -c -g  conftest.cpp >&5
configure:2528: $? = 0
configure:2569: result: yes
configure:2598: checking how to run the C++ preprocessor
configure:2625: g++ -E  conftest.cpp
configure:2625: $? = 0
configure:2639: g++ -E  conftest.cpp
conftest.cpp:9:10: fatal error: ac_nonexistent.h: No such file or directory
 #include <ac_nonexistent.h>
          ^~~~~~~~~~~~~~~~~~
compilation terminated.
configure:2639: $? = 1
configure: failed program was:
| /* confdefs.h */
| #define PACKAGE_NAME "RcppCorels"
| #define PACKAGE_TARNAME "rcppcorels"
| #define PACKAGE_VERSION "0.0.1"
| #define PACKAGE_STRING "RcppCorels 0.0.1"
| #define PACKAGE_BUGREPORT ""
| #define PACKAGE_URL ""
| /* end confdefs.h.  */
| #include <ac_nonexistent.h>
configure:2664: result: g++ -E
configure:2684: g++ -E  conftest.cpp
configure:2684: $? = 0
configure:2698: g++ -E  conftest.cpp
conftest.cpp:9:10: fatal error: ac_nonexistent.h: No such file or directory
 #include <ac_nonexistent.h>
          ^~~~~~~~~~~~~~~~~~
compilation terminated.
configure:2698: $? = 1
configure: failed program was:
| /* confdefs.h */
| #define PACKAGE_NAME "RcppCorels"
| #define PACKAGE_TARNAME "rcppcorels"
| #define PACKAGE_VERSION "0.0.1"
| #define PACKAGE_STRING "RcppCorels 0.0.1"
| #define PACKAGE_BUGREPORT ""
| #define PACKAGE_URL ""
| /* end confdefs.h.  */
| #include <ac_nonexistent.h>
configure:2776: checking for gcc
configure:2792: found /usr/bin/gcc
configure:2803: result: gcc
configure:3032: checking for C compiler version
configure:3041: gcc --version >&5
gcc (Ubuntu 7.4.0-1ubuntu1~18.04.1) 7.4.0
Copyright (C) 2017 Free Software Foundation, Inc.
This is free software; see the source for copying conditions.  There is NO
warranty; not even for MERCHANTABILITY or FITNESS FOR A PARTICULAR PURPOSE.

configure:3052: $? = 0
configure:3041: gcc -v >&5
Using built-in specs.
COLLECT_GCC=gcc
COLLECT_LTO_WRAPPER=/usr/lib/gcc/x86_64-linux-gnu/7/lto-wrapper
OFFLOAD_TARGET_NAMES=nvptx-none
OFFLOAD_TARGET_DEFAULT=1
Target: x86_64-linux-gnu
Configured with: ../src/configure -v --with-pkgversion='Ubuntu 7.4.0-1ubuntu1~18.04.1' --with-bugurl=file:///usr/share/doc/gcc-7/README.Bugs --enable-languages=c,ada,c++,go,brig,d,fortran,objc,obj-c++ --prefix=/usr --with-gcc-major-version-only --program-suffix=-7 --program-prefix=x86_64-linux-gnu- --enable-shared --enable-linker-build-id --libexecdir=/usr/lib --without-included-gettext --enable-threads=posix --libdir=/usr/lib --enable-nls --with-sysroot=/ --enable-clocale=gnu --enable-libstdcxx-debug --enable-libstdcxx-time=yes --with-default-libstdcxx-abi=new --enable-gnu-unique-object --disable-vtable-verify --enable-libmpx --enable-plugin --enable-default-pie --with-system-zlib --with-target-system-zlib --enable-objc-gc=auto --enable-multiarch --disable-werror --with-arch-32=i686 --with-abi=m64 --with-multilib-list=m32,m64,mx32 --enable-multilib --with-tune=generic --enable-offload-targets=nvptx-none --without-cuda-driver --enable-checking=release --build=x86_64-linux-gnu --host=x86_64-linux-gnu --target=x86_64-linux-gnu
Thread model: posix
gcc version 7.4.0 (Ubuntu 7.4.0-1ubuntu1~18.04.1) 
configure:3052: $? = 0
configure:3041: gcc -V >&5
gcc: error: unrecognized command line option '-V'
gcc: fatal error: no input files
compilation terminated.
configure:3052: $? = 1
configure:3041: gcc -qversion >&5
gcc: error: unrecognized command line option '-qversion'; did you mean '--version'?
gcc: fatal error: no input files
compilation terminated.
configure:3052: $? = 1
configure:3056: checking whether we are using the GNU C compiler
configure:3075: gcc -c   conftest.c >&5
configure:3075: $? = 0
configure:3084: result: yes
configure:3093: checking whether gcc accepts -g
configure:3113: gcc -c -g  conftest.c >&5
configure:3113: $? = 0
configure:3154: result: yes
configure:3171: checking for gcc option to accept ISO C89
configure:3234: gcc  -c -g -O2  conftest.c >&5
configure:3234: $? = 0
configure:3247: result: none needed
configure:3379: checking for C++ compiler version
configure:3388: g++ --version >&5
g++ (Ubuntu 7.4.0-1ubuntu1~18.04.1) 7.4.0
Copyright (C) 2017 Free Software Foundation, Inc.
This is free software; see the source for copying conditions.  There is NO
warranty; not even for MERCHANTABILITY or FITNESS FOR A PARTICULAR PURPOSE.

configure:3399: $? = 0
configure:3388: g++ -v >&5
Using built-in specs.
COLLECT_GCC=g++
COLLECT_LTO_WRAPPER=/usr/lib/gcc/x86_64-linux-gnu/7/lto-wrapper
OFFLOAD_TARGET_NAMES=nvptx-none
OFFLOAD_TARGET_DEFAULT=1
Target: x86_64-linux-gnu
Configured with: ../src/configure -v --with-pkgversion='Ubuntu 7.4.0-1ubuntu1~18.04.1' --with-bugurl=file:///usr/share/doc/gcc-7/README.Bugs --enable-languages=c,ada,c++,go,brig,d,fortran,objc,obj-c++ --prefix=/usr --with-gcc-major-version-only --program-suffix=-7 --program-prefix=x86_64-linux-gnu- --enable-shared --enable-linker-build-id --libexecdir=/usr/lib --without-included-gettext --enable-threads=posix --libdir=/usr/lib --enable-nls --with-sysroot=/ --enable-clocale=gnu --enable-libstdcxx-debug --enable-libstdcxx-time=yes --with-default-libstdcxx-abi=new --enable-gnu-unique-object --disable-vtable-verify --enable-libmpx --enable-plugin --enable-default-pie --with-system-zlib --with-target-system-zlib --enable-objc-gc=auto --enable-multiarch --disable-werror --with-arch-32=i686 --with-abi=m64 --with-multilib-list=m32,m64,mx32 --enable-multilib --with-tune=generic --enable-offload-targets=nvptx-none --without-cuda-driver --enable-checking=release --build=x86_64-linux-gnu --host=x86_64-linux-gnu --target=x86_64-linux-gnu
Thread model: posix
gcc version 7.4.0 (Ubuntu 7.4.0-1ubuntu1~18.04.1) 
configure:3399: $? = 0
configure:3388: g++ -V >&5
g++: error: unrecognized command line option '-V'
g++: fatal error: no input files
compilation terminated.
configure:3399: $? = 1
configure:3388: g++ -qversion >&5
g++: error: unrecognized command line option '-qversion'; did you mean '--version'?
g++: fatal error: no input files
compilation terminated.
configure:3399: $? = 1
configure:3403: checking whether we are using the GNU C++ compiler
configure:3431: result: yes
configure:3440: checking whether g++ accepts -g
configure:3501: result: yes
configure:3528: checking for grep that handles long lines and -e
configure:3586: result: /bin/grep
configure:3591: checking for egrep
configure:3653: result: /bin/grep -E
configure:3658: checking for ANSI C header files
configure:3678: g++ -c -g -O2 -fdebug-prefix-map=/build/r-base-AitvI6/r-base-3.4.4=. -fstack-protector-strong -Wformat -Werror=format-security -Wdate-time -D_FORTIFY_SOURCE=2 -g  conftest.cpp >&5
configure:3678: $? = 0
configure:3751: g++ -o conftest -g -O2 -fdebug-prefix-map=/build/r-base-AitvI6/r-base-3.4.4=. -fstack-protector-strong -Wformat -Werror=format-security -Wdate-time -D_FORTIFY_SOURCE=2 -g   conftest.cpp  >&5
configure:3751: $? = 0
configure:3751: ./conftest
configure:3751: $? = 0
configure:3762: result: yes
configure:3775: checking for sys/types.h
configure:3775: g++ -c -g -O2 -fdebug-prefix-map=/build/r-base-AitvI6/r-base-3.4.4=. -fstack-protector-strong -Wformat -Werror=format-security -Wdate-time -D_FORTIFY_SOURCE=2 -g  conftest.cpp >&5
configure:3775: $? = 0
configure:3775: result: yes
configure:3775: checking for sys/stat.h
configure:3775: g++ -c -g -O2 -fdebug-prefix-map=/build/r-base-AitvI6/r-base-3.4.4=. -fstack-protector-strong -Wformat -Werror=format-security -Wdate-time -D_FORTIFY_SOURCE=2 -g  conftest.cpp >&5
configure:3775: $? = 0
configure:3775: result: yes
configure:3775: checking for stdlib.h
configure:3775: g++ -c -g -O2 -fdebug-prefix-map=/build/r-base-AitvI6/r-base-3.4.4=. -fstack-protector-strong -Wformat -Werror=format-security -Wdate-time -D_FORTIFY_SOURCE=2 -g  conftest.cpp >&5
configure:3775: $? = 0
configure:3775: result: yes
configure:3775: checking for string.h
configure:3775: g++ -c -g -O2 -fdebug-prefix-map=/build/r-base-AitvI6/r-base-3.4.4=. -fstack-protector-strong -Wformat -Werror=format-security -Wdate-time -D_FORTIFY_SOURCE=2 -g  conftest.cpp >&5
configure:3775: $? = 0
configure:3775: result: yes
configure:3775: checking for memory.h
configure:3775: g++ -c -g -O2 -fdebug-prefix-map=/build/r-base-AitvI6/r-base-3.4.4=. -fstack-protector-strong -Wformat -Werror=format-security -Wdate-time -D_FORTIFY_SOURCE=2 -g  conftest.cpp >&5
configure:3775: $? = 0
configure:3775: result: yes
configure:3775: checking for strings.h
configure:3775: g++ -c -g -O2 -fdebug-prefix-map=/build/r-base-AitvI6/r-base-3.4.4=. -fstack-protector-strong -Wformat -Werror=format-security -Wdate-time -D_FORTIFY_SOURCE=2 -g  conftest.cpp >&5
configure:3775: $? = 0
configure:3775: result: yes
configure:3775: checking for inttypes.h
configure:3775: g++ -c -g -O2 -fdebug-prefix-map=/build/r-base-AitvI6/r-base-3.4.4=. -fstack-protector-strong -Wformat -Werror=format-security -Wdate-time -D_FORTIFY_SOURCE=2 -g  conftest.cpp >&5
configure:3775: $? = 0
configure:3775: result: yes
configure:3775: checking for stdint.h
configure:3775: g++ -c -g -O2 -fdebug-prefix-map=/build/r-base-AitvI6/r-base-3.4.4=. -fstack-protector-strong -Wformat -Werror=format-security -Wdate-time -D_FORTIFY_SOURCE=2 -g  conftest.cpp >&5
configure:3775: $? = 0
configure:3775: result: yes
configure:3775: checking for unistd.h
configure:3775: g++ -c -g -O2 -fdebug-prefix-map=/build/r-base-AitvI6/r-base-3.4.4=. -fstack-protector-strong -Wformat -Werror=format-security -Wdate-time -D_FORTIFY_SOURCE=2 -g  conftest.cpp >&5
configure:3775: $? = 0
configure:3775: result: yes
configure:3787: checking gmp.h usability
configure:3787: g++ -c -g -O2 -fdebug-prefix-map=/build/r-base-AitvI6/r-base-3.4.4=. -fstack-protector-strong -Wformat -Werror=format-security -Wdate-time -D_FORTIFY_SOURCE=2 -g  conftest.cpp >&5
configure:3787: $? = 0
configure:3787: result: yes
configure:3787: checking gmp.h presence
configure:3787: g++ -E  conftest.cpp
configure:3787: $? = 0
configure:3787: result: yes
configure:3787: checking for gmp.h
configure:3787: result: yes
configure:3796: checking for __gmpz_init in -lgmp
configure:3821: g++ -o conftest -g -O2 -fdebug-prefix-map=/build/r-base-AitvI6/r-base-3.4.4=. -fstack-protector-strong -Wformat -Werror=format-security -Wdate-time -D_FORTIFY_SOURCE=2 -g   conftest.cpp -lgmp   >&5
configure:3821: $? = 0
configure:3830: result: yes
configure:4003: creating ./config.status

## ---------------------- ##
## Running config.status. ##
## ---------------------- ##

This file was extended by RcppCorels config.status 0.0.1, which was
generated by GNU Autoconf 2.69.  Invocation command line was

  CONFIG_FILES    = 
  CONFIG_HEADERS  = 
  CONFIG_LINKS    = 
  CONFIG_COMMANDS = 
  $ ./config.status 

on vassy-Blade

config.status:730: creating src/Makevars

## ---------------- ##
## Cache variables. ##
## ---------------- ##

ac_cv_c_compiler_gnu=yes
ac_cv_cxx_compiler_gnu=yes
ac_cv_env_CCC_set=
ac_cv_env_CCC_value=
ac_cv_env_CC_set=
ac_cv_env_CC_value=
ac_cv_env_CFLAGS_set=
ac_cv_env_CFLAGS_value=
ac_cv_env_CPPFLAGS_set=
ac_cv_env_CPPFLAGS_value=
ac_cv_env_CXXCPP_set=
ac_cv_env_CXXCPP_value=
ac_cv_env_CXXFLAGS_set=
ac_cv_env_CXXFLAGS_value=
ac_cv_env_CXX_set=
ac_cv_env_CXX_value=
ac_cv_env_LDFLAGS_set=
ac_cv_env_LDFLAGS_value=
ac_cv_env_LIBS_set=
ac_cv_env_LIBS_value=
ac_cv_env_build_alias_set=
ac_cv_env_build_alias_value=
ac_cv_env_host_alias_set=
ac_cv_env_host_alias_value=
ac_cv_env_target_alias_set=
ac_cv_env_target_alias_value=
ac_cv_header_gmp_h=yes
ac_cv_header_inttypes_h=yes
ac_cv_header_memory_h=yes
ac_cv_header_stdc=yes
ac_cv_header_stdint_h=yes
ac_cv_header_stdlib_h=yes
ac_cv_header_string_h=yes
ac_cv_header_strings_h=yes
ac_cv_header_sys_stat_h=yes
ac_cv_header_sys_types_h=yes
ac_cv_header_unistd_h=yes
ac_cv_lib_gmp___gmpz_init=yes
ac_cv_objext=o
ac_cv_path_EGREP='/bin/grep -E'
ac_cv_path_GREP=/bin/grep
ac_cv_prog_CXXCPP='g++ -E'
ac_cv_prog_ac_ct_CC=gcc
ac_cv_prog_cc_c89=
ac_cv_prog_cc_g=yes
ac_cv_prog_cxx_g=yes

## ----------------- ##
## Output variables. ##
## ----------------- ##

CC='gcc'
CFLAGS='-g -O2'
CPPFLAGS=''
CXX='g++'
CXXCPP='g++ -E'
CXXFLAGS='-g -O2 -fdebug-prefix-map=/build/r-base-AitvI6/r-base-3.4.4=. -fstack-protector-strong -Wformat -Werror=format-security -Wdate-time -D_FORTIFY_SOURCE=2 -g'
DEFS='-DPACKAGE_NAME=\"RcppCorels\" -DPACKAGE_TARNAME=\"rcppcorels\" -DPACKAGE_VERSION=\"0.0.1\" -DPACKAGE_STRING=\"RcppCorels\ 0.0.1\" -DPACKAGE_BUGREPORT=\"\" -DPACKAGE_URL=\"\" -DSTDC_HEADERS=1 -DHAVE_SYS_TYPES_H=1 -DHAVE_SYS_STAT_H=1 -DHAVE_STDLIB_H=1 -DHAVE_STRING_H=1 -DHAVE_MEMORY_H=1 -DHAVE_STRINGS_H=1 -DHAVE_INTTYPES_H=1 -DHAVE_STDINT_H=1 -DHAVE_UNISTD_H=1 -DHAVE_LIBGMP=1'
ECHO_C=''
ECHO_N='-n'
ECHO_T=''
EGREP='/bin/grep -E'
EXEEXT=''
GMP_CFLAGS='-DGMP -g -O2'
GMP_LIBS='-lgmp '
GREP='/bin/grep'
LDFLAGS=''
LIBOBJS=''
LIBS='-lgmp '
LTLIBOBJS=''
OBJEXT='o'
PACKAGE_BUGREPORT=''
PACKAGE_NAME='RcppCorels'
PACKAGE_STRING='RcppCorels 0.0.1'
PACKAGE_TARNAME='rcppcorels'
PACKAGE_URL=''
PACKAGE_VERSION='0.0.1'
PATH_SEPARATOR=':'
SHELL='/bin/bash'
ac_ct_CC='gcc'
ac_ct_CXX=''
bindir='${exec_prefix}/bin'
build_alias=''
datadir='${datarootdir}'
datarootdir='${prefix}/share'
docdir='${datarootdir}/doc/${PACKAGE_TARNAME}'
dvidir='${docdir}'
exec_prefix='${prefix}'
host_alias=''
htmldir='${docdir}'
includedir='${prefix}/include'
infodir='${datarootdir}/info'
libdir='${exec_prefix}/lib'
libexecdir='${exec_prefix}/libexec'
localedir='${datarootdir}/locale'
localstatedir='${prefix}/var'
mandir='${datarootdir}/man'
oldincludedir='/usr/include'
pdfdir='${docdir}'
prefix='/usr/local'
program_transform_name='s,x,x,'
psdir='${docdir}'
runstatedir='${localstatedir}/run'
sbindir='${exec_prefix}/sbin'
sharedstatedir='${prefix}/com'
sysconfdir='${prefix}/etc'
target_alias=''

## ----------- ##
## confdefs.h. ##
## ----------- ##

/* confdefs.h */
#define PACKAGE_NAME "RcppCorels"
#define PACKAGE_TARNAME "rcppcorels"
#define PACKAGE_VERSION "0.0.1"
#define PACKAGE_STRING "RcppCorels 0.0.1"
#define PACKAGE_BUGREPORT ""
#define PACKAGE_URL ""
#define STDC_HEADERS 1
#define HAVE_SYS_TYPES_H 1
#define HAVE_SYS_STAT_H 1
#define HAVE_STDLIB_H 1
#define HAVE_STRING_H 1
#define HAVE_MEMORY_H 1
#define HAVE_STRINGS_H 1
#define HAVE_INTTYPES_H 1
#define HAVE_STDINT_H 1
#define HAVE_UNISTD_H 1
#define HAVE_LIBGMP 1

configure: exit 0
